c:\users\linus.bensryd\documents\github\top-down-wizardz\sfml top down\x64\debug\vc142.pdb
c:\users\linus.bensryd\documents\github\top-down-wizardz\sfml top down\x64\debug\vc142.idb
c:\users\linus.bensryd\documents\github\top-down-wizardz\sfml top down\x64\debug\utilities.obj
c:\users\linus.bensryd\documents\github\top-down-wizardz\sfml top down\x64\debug\trail.obj
c:\users\linus.bensryd\documents\github\top-down-wizardz\sfml top down\x64\debug\tilemap.obj
c:\users\linus.bensryd\documents\github\top-down-wizardz\sfml top down\x64\debug\player.obj
c:\users\linus.bensryd\documents\github\top-down-wizardz\sfml top down\x64\debug\main.obj
c:\users\linus.bensryd\documents\github\top-down-wizardz\sfml top down\x64\debug\enemy.obj
c:\users\linus.bensryd\documents\github\top-down-wizardz\sfml top down\x64\debug\bullet.obj
c:\users\linus.bensryd\documents\github\top-down-wizardz\sfml top down\x64\debug\box.obj
c:\users\linus.bensryd\documents\github\top-down-wizardz\sfml top down\x64\debug\app.obj
c:\users\linus.bensryd\documents\github\top-down-wizardz\sfml top down\x64\debug\text.obj
c:\users\linus.bensryd\documents\github\top-down-wizardz\sfml top down\x64\debug\sfml top down.exe
c:\users\linus.bensryd\documents\github\top-down-wizardz\sfml top down\x64\debug\sfml top down.ilk
c:\users\linus.bensryd\documents\github\top-down-wizardz\sfml top down\x64\debug\sfml top down.pdb
c:\users\linus.bensryd\documents\github\top-down-wizardz\sfml top down\x64\debug\player.obj.enc
c:\users\linus.bensryd\documents\github\top-down-wizardz\sfml top down\x64\debug\sfml top down.tlog\cl.command.1.tlog
c:\users\linus.bensryd\documents\github\top-down-wizardz\sfml top down\x64\debug\sfml top down.tlog\cl.read.1.tlog
c:\users\linus.bensryd\documents\github\top-down-wizardz\sfml top down\x64\debug\sfml top down.tlog\cl.write.1.tlog
c:\users\linus.bensryd\documents\github\top-down-wizardz\sfml top down\x64\debug\sfml top down.tlog\link.command.1.tlog
c:\users\linus.bensryd\documents\github\top-down-wizardz\sfml top down\x64\debug\sfml top down.tlog\link.read.1.tlog
c:\users\linus.bensryd\documents\github\top-down-wizardz\sfml top down\x64\debug\sfml top down.tlog\link.write.1.tlog
